<?xml version="1.0" encoding="UTF-8"?>
<testng-results skipped="0" failed="0" total="1" passed="1">
  <reporter-output>
  </reporter-output>
  <suite name="Default suite" duration-ms="29060" started-at="2017-05-03T11:24:12Z" finished-at="2017-05-03T11:24:41Z">
    <groups>
    </groups>
    <test name="Default test" duration-ms="29060" started-at="2017-05-03T11:24:12Z" finished-at="2017-05-03T11:24:41Z">
      <class name="Test.LaunchBridgeMedicalTest">
        <test-method status="PASS" signature="bridgeMedicalLoginTest()[pri:0, instance:Test.LaunchBridgeMedicalTest@7c16905e]" name="bridgeMedicalLoginTest" duration-ms="29020" started-at="2017-05-03T16:54:12Z" finished-at="2017-05-03T16:54:41Z">
          <reporter-output>
          </reporter-output>
        </test-method> <!-- bridgeMedicalLoginTest -->
      </class> <!-- Test.LaunchBridgeMedicalTest -->
    </test> <!-- Default test -->
  </suite> <!-- Default suite -->
</testng-results>
