<?xml version="1.0" encoding="UTF-8"?>
<testng-results skipped="0" failed="0" total="1" passed="1">
  <reporter-output>
  </reporter-output>
  <suite name="Default suite" duration-ms="13731" started-at="2017-05-15T14:01:59Z" finished-at="2017-05-15T14:02:13Z">
    <groups>
    </groups>
    <test name="Default test" duration-ms="13731" started-at="2017-05-15T14:01:59Z" finished-at="2017-05-15T14:02:13Z">
      <class name="Test.TestSystemManager">
        <test-method status="PASS" signature="f()[pri:0, instance:Test.TestSystemManager@7c16905e]" name="f" duration-ms="13580" started-at="2017-05-15T19:31:59Z" finished-at="2017-05-15T19:32:13Z">
          <reporter-output>
          </reporter-output>
        </test-method> <!-- f -->
      </class> <!-- Test.TestSystemManager -->
    </test> <!-- Default test -->
  </suite> <!-- Default suite -->
</testng-results>
